#
# There is insufficient memory for the Java Runtime Environment to continue.
# Native memory allocation (mmap) failed to map 130023424 bytes for Failed to commit area from 0x0000000084a00000 to 0x000000008c600000 of length 130023424.
# Possible reasons:
#   The system is out of physical RAM or swap space
#   The process is running with CompressedOops enabled, and the Java Heap may be blocking the growth of the native heap
# Possible solutions:
#   Reduce memory load on the system
#   Increase physical memory or swap space
#   Check if swap backing store is full
#   Decrease Java heap size (-Xmx/-Xms)
#   Decrease number of Java threads
#   Decrease Java thread stack sizes (-Xss)
#   Set larger code cache with -XX:ReservedCodeCacheSize=
# This output file may be truncated or incomplete.
#
#  Out of Memory Error (./src/hotspot/os/windows/os_windows.cpp:3521), pid=15620, tid=7828
#
# JRE version:  (11.0.12+7) (build )
# Java VM: OpenJDK 64-Bit Server VM (11.0.12+7-b1504.28-7817840, mixed mode, sharing, tiered, compressed oops, g1 gc, windows-amd64)
# No core dump will be written. Minidumps are not enabled by default on client versions of Windows
#

---------------  S U M M A R Y ------------

Command Line: 

Host: Intel(R) Core(TM) i5-5300U CPU @ 2.30GHz, 4 cores, 7G,  Windows 10 , 64 bit Build 19041 (10.0.19041.3155)
Time: Mon Aug 28 12:36:20 2023 SE Asia Standard Time elapsed time: 0.058985 seconds (0d 0h 0m 0s)

---------------  T H R E A D  ---------------

Current thread (0x0000022d75dcc800):  JavaThread "Unknown thread" [_thread_in_vm, id=7828, stack(0x000000bff2900000,0x000000bff2a00000)]

Stack: [0x000000bff2900000,0x000000bff2a00000]
Native frames: (J=compiled Java code, j=interpreted, Vv=VM code, C=native code)
V  [jvm.dll+0x5fbcea]
V  [jvm.dll+0x731905]
V  [jvm.dll+0x732f1d]
V  [jvm.dll+0x7335d3]
V  [jvm.dll+0x247bf8]
V  [jvm.dll+0x5f90b4]
V  [jvm.dll+0x5edc85]
V  [jvm.dll+0x305aeb]
V  [jvm.dll+0x305a5a]
V  [jvm.dll+0x305932]
V  [jvm.dll+0x30a896]
V  [jvm.dll+0x353803]
V  [jvm.dll+0x353f06]
V  [jvm.dll+0x353903]
V  [jvm.dll+0x2e0678]
V  [jvm.dll+0x2e1827]
V  [jvm.dll+0x710037]
V  [jvm.dll+0x71182c]
V  [jvm.dll+0x360da9]
V  [jvm.dll+0x6f390e]
V  [jvm.dll+0x3c9723]
V  [jvm.dll+0x3cb9b1]
C  [jli.dll+0x536b]
C  [ucrtbase.dll+0x21bb2]
C  [KERNEL32.DLL+0x17614]
C  [ntdll.dll+0x526b1]


---------------  P R O C E S S  ---------------

Threads class SMR info:
_java_thread_list=0x0000022d73b81890, length=0, elements={
}

Java Threads: ( => current thread )

Other Threads:
  0x0000022d75de4800 GCTaskThread "GC Thread#0" [stack: 0x000000bff2a00000,0x000000bff2b00000] [id=14744]
  0x0000022d75e14000 ConcurrentGCThread "G1 Main Marker" [stack: 0x000000bff2b00000,0x000000bff2c00000] [id=7144]
  0x0000022d75e15000 ConcurrentGCThread "G1 Conc#0" [stack: 0x000000bff2c00000,0x000000bff2d00000] [id=13988]

[error occurred during error reporting (printing all threads), id 0xc0000005, EXCEPTION_ACCESS_VIOLATION (0xc0000005) at pc=0x00007ffadae70be7]

VM state:not at safepoint (not fully initialized)

VM Mutex/Monitor currently owned by a thread:  ([mutex/lock_event])
[0x0000022d75dc8530] Heap_lock - owner thread: 0x0000022d75dcc800

Heap address: 0x0000000084a00000, size: 1974 MB, Compressed Oops mode: Non-zero based: 0x0000000084a00000
Narrow klass base: 0x0000000000000000, Narrow klass shift: 0

GC Heap History (0 events):
No events

Deoptimization events (0 events):
No events

Classes redefined (0 events):
No events

Internal exceptions (0 events):
No events

Events (1 events):
Event: 0.020 Loaded shared library C:\Program Files\Android\Android Studio\jre\bin\zip.dll


Dynamic libraries:
0x00007ff700170000 - 0x00007ff70017a000 	C:\Program Files\Android\Android Studio\jre\bin\java.EXE
0x00007ffb6ded0000 - 0x00007ffb6e0c8000 	C:\Windows\SYSTEM32\ntdll.dll
0x00007ffb6c4d0000 - 0x00007ffb6c58f000 	C:\Windows\System32\KERNEL32.DLL
0x00007ffb6bb50000 - 0x00007ffb6be46000 	C:\Windows\System32\KERNELBASE.dll
0x00007ffb6b8f0000 - 0x00007ffb6b9f0000 	C:\Windows\System32\ucrtbase.dll
0x00007ffb5cee0000 - 0x00007ffb5cef9000 	C:\Program Files\Android\Android Studio\jre\bin\jli.dll
0x00007ffb6cab0000 - 0x00007ffb6cc4d000 	C:\Windows\System32\USER32.dll
0x00007ffb6b5b0000 - 0x00007ffb6b5d2000 	C:\Windows\System32\win32u.dll
0x00007ffb6c8f0000 - 0x00007ffb6c91c000 	C:\Windows\System32\GDI32.dll
0x00007ffb6b6d0000 - 0x00007ffb6b7e5000 	C:\Windows\System32\gdi32full.dll
0x00007ffb6b5e0000 - 0x00007ffb6b67d000 	C:\Windows\System32\msvcp_win.dll
0x00007ffb5cec0000 - 0x00007ffb5ced7000 	C:\Program Files\Android\Android Studio\jre\bin\VCRUNTIME140.dll
0x00007ffb55600000 - 0x00007ffb5589a000 	C:\Windows\WinSxS\amd64_microsoft.windows.common-controls_6595b64144ccf1df_6.0.19041.1110_none_60b5254171f9507e\COMCTL32.dll
0x00007ffb6c670000 - 0x00007ffb6c70e000 	C:\Windows\System32\msvcrt.dll
0x00007ffb6ca10000 - 0x00007ffb6ca40000 	C:\Windows\System32\IMM32.DLL
0x00007ffb5ce20000 - 0x00007ffb5cebd000 	C:\Program Files\Android\Android Studio\jre\bin\msvcp140.dll
0x00007ffadab80000 - 0x00007ffadb665000 	C:\Program Files\Android\Android Studio\jre\bin\server\jvm.dll
0x00007ffb6d4e0000 - 0x00007ffb6d58f000 	C:\Windows\System32\ADVAPI32.dll
0x00007ffb6c430000 - 0x00007ffb6c4cc000 	C:\Windows\System32\sechost.dll
0x00007ffb6d350000 - 0x00007ffb6d476000 	C:\Windows\System32\RPCRT4.dll
0x00007ffb6c420000 - 0x00007ffb6c428000 	C:\Windows\System32\PSAPI.DLL
0x00007ffb5a570000 - 0x00007ffb5a579000 	C:\Windows\SYSTEM32\WSOCK32.dll
0x00007ffb6ca40000 - 0x00007ffb6caab000 	C:\Windows\System32\WS2_32.dll
0x00007ffb59750000 - 0x00007ffb59777000 	C:\Windows\SYSTEM32\WINMM.dll
0x00007ffb62180000 - 0x00007ffb6218a000 	C:\Windows\SYSTEM32\VERSION.dll
0x00007ffb69450000 - 0x00007ffb69462000 	C:\Windows\SYSTEM32\kernel.appcore.dll
0x00007ffb5ce00000 - 0x00007ffb5ce11000 	C:\Program Files\Android\Android Studio\jre\bin\verify.dll
0x00007ffb5b0d0000 - 0x00007ffb5b2b4000 	C:\Windows\SYSTEM32\DBGHELP.DLL
0x00007ffb5c360000 - 0x00007ffb5c394000 	C:\Windows\SYSTEM32\dbgcore.DLL
0x00007ffb6b860000 - 0x00007ffb6b8e2000 	C:\Windows\System32\bcryptPrimitives.dll
0x00007ffb5cdd0000 - 0x00007ffb5cdf9000 	C:\Program Files\Android\Android Studio\jre\bin\java.dll
0x00007ffb67370000 - 0x00007ffb6737b000 	C:\Program Files\Android\Android Studio\jre\bin\jimage.dll
0x00007ffb5cdb0000 - 0x00007ffb5cdc8000 	C:\Program Files\Android\Android Studio\jre\bin\zip.dll

dbghelp: loaded successfully - version: 4.0.5 - missing functions: none
symbol engine: initialized successfully - sym options: 0x614 - pdb path: .;C:\Program Files\Android\Android Studio\jre\bin;C:\Windows\SYSTEM32;C:\Windows\WinSxS\amd64_microsoft.windows.common-controls_6595b64144ccf1df_6.0.19041.1110_none_60b5254171f9507e;C:\Program Files\Android\Android Studio\jre\bin\server

VM Arguments:
java_command: <unknown>
java_class_path (initial): <not set>
Launcher Type: SUN_STANDARD

[Global flags]
     intx CICompilerCount                          = 3                                         {product} {ergonomic}
     uint ConcGCThreads                            = 1                                         {product} {ergonomic}
     uint G1ConcRefinementThreads                  = 4                                         {product} {ergonomic}
   size_t G1HeapRegionSize                         = 1048576                                   {product} {ergonomic}
    uintx GCDrainStackTargetSize                   = 64                                        {product} {ergonomic}
   size_t InitialHeapSize                          = 130023424                                 {product} {ergonomic}
   size_t MarkStackSize                            = 4194304                                   {product} {ergonomic}
   size_t MaxHeapSize                              = 2069889024                                {product} {ergonomic}
   size_t MinHeapDeltaBytes                        = 1048576                                   {product} {ergonomic}
    uintx NonNMethodCodeHeapSize                   = 5830732                                {pd product} {ergonomic}
    uintx NonProfiledCodeHeapSize                  = 122913754                              {pd product} {ergonomic}
    uintx ProfiledCodeHeapSize                     = 122913754                              {pd product} {ergonomic}
    uintx ReservedCodeCacheSize                    = 251658240                              {pd product} {ergonomic}
     bool SegmentedCodeCache                       = true                                      {product} {ergonomic}
     bool UseCompressedClassPointers               = true                                 {lp64_product} {ergonomic}
     bool UseCompressedOops                        = true                                 {lp64_product} {ergonomic}
     bool UseG1GC                                  = true                                      {product} {ergonomic}
     bool UseLargePagesIndividualAllocation        = false                                  {pd product} {ergonomic}

Logging:
Log output configuration:
 #0: stdout all=warning uptime,level,tags
 #1: stderr all=off uptime,level,tags

Environment Variables:
JAVA_HOME=C:\Program Files\Java\jdk-11.0.13
PATH=C:\Program Files\Common Files\Oracle\Java\javapath;C:\flutter\bin;C:\Users\Ghiff\AppData\Local\Android\Sdk\platform-tools;C:\Users\Ghiff\AppData\Local\Microsoft\WindowsApps;C:\Program Files\JetBrains\PyCharm Community Edition 2021.1.3\bin;C:\Users\Ghiff\AppData\Roaming\Composer\vendor\bin;C:\Users\Ghiff\.dotnet\tools;C:\Users\Ghiff\AppData\Local\Programs\Microsoft VS Code\bin;C:\Users\Ghiff\AppData\Roaming\npm;C:\tools\dart-sdk\bin;C:\Users\Ghiff\AppData\Roaming\Pub\Cache\bin;C:\Flutter\flutter\bin;C:\Windows\System32\WindowsPowerShell\v1.0;C:\Program Files\Git;C:\Program Files\Git\git-cmd.exe;C:\Program Files\Git\bin;C:\Windows\System32;C:\src\flutter\bin;C:\Windows\System32\WindowsPowerShell\v1.0;C:\xampp\php;C:\ProgramData\ComposerSetup\bin;C:\Program Files\nodejs\;C:\Program Files\Microsoft VS Code\bin;C:\Windows\system32\config\systemprofile\AppData\Roaming\Composer\vendor\bin;C:\Users\Ghiff\AppData\Local\Microsoft\WindowsApps;C:\Program Files\JetBrains\PyCharm Community Edition 2021.1.3\bin;;C:\Users\Ghiff\AppData\Roaming\Composer\vendor\bin;C:\Users\Ghiff\.dotnet\tools;C:\Users\Ghiff\AppData\Local\Programs\Microsoft VS Code\bin;C:\tools\dart-sdk\bin;C:\Users\Ghiff\AppData\Roaming\Pub\Cache\bin;C:\Flutter\flutter\bin;C:\Windows\System32\WindowsPowerShell\v1.0;C:\Users\Ghiff\AppData\Local\Android\Sdk\platform-tools;C:\Program Files\Git\git-cmd.exe;C:\Program Files\Git\bin;C:\Windows\System32;C:\src\flutter\bin;C:\ProgramData\chocolatey\;C:\Program Files\nodejs;C:\Program Files\Java\jdk-11.0.13\bin;C:\Users\Ghiff\AppData\Roaming\npm;;C:\Flutter\flutter\bin\mingit\cmd
USERNAME=Ghiff
OS=Windows_NT
PROCESSOR_IDENTIFIER=Intel64 Family 6 Model 61 Stepping 4, GenuineIntel



---------------  S Y S T E M  ---------------

OS: Windows 10 , 64 bit Build 19041 (10.0.19041.3155)
OS uptime: 0 days 1:59 hours

CPU:total 4 (initial active 4) (2 cores per cpu, 2 threads per core) family 6 model 61 stepping 4 microcode 0x2d, cmov, cx8, fxsr, mmx, sse, sse2, sse3, ssse3, sse4.1, sse4.2, popcnt, avx, avx2, aes, clmul, erms, rtm, 3dnowpref, lzcnt, ht, tsc, tscinvbit, bmi1, bmi2, adx, fma

Memory: 4k page, system-wide physical 7888M (521M free)
TotalPageFile size 12927M (AvailPageFile size 117M)
current process WorkingSet (physical memory assigned to process): 10M, peak: 10M
current process commit charge ("private bytes"): 51M, peak: 175M

vm_info: OpenJDK 64-Bit Server VM (11.0.12+7-b1504.28-7817840) for windows-amd64 JRE (11.0.12+7-b1504.28-7817840), built on Oct 13 2021 22:12:33 by "builder" with MS VC++ 14.0 (VS2015)

END.
