#
# There is insufficient memory for the Java Runtime Environment to continue.
# Native memory allocation (malloc) failed to allocate 33616 bytes for Chunk::new
# Possible reasons:
#   The system is out of physical RAM or swap space
#   The process is running with CompressedOops enabled, and the Java Heap may be blocking the growth of the native heap
# Possible solutions:
#   Reduce memory load on the system
#   Increase physical memory or swap space
#   Check if swap backing store is full
#   Decrease Java heap size (-Xmx/-Xms)
#   Decrease number of Java threads
#   Decrease Java thread stack sizes (-Xss)
#   Set larger code cache with -XX:ReservedCodeCacheSize=
#   JVM is running with Unscaled Compressed Oops mode in which the Java heap is
#     placed in the first 4GB address space. The Java Heap base address is the
#     maximum limit for the native heap growth. Please use -XX:HeapBaseMinAddress
#     to set the Java Heap base and to place the Java Heap above 4GB virtual address.
# This output file may be truncated or incomplete.
#
#  Out of Memory Error (./src/hotspot/share/memory/arena.cpp:197), pid=2128, tid=16088
#
# JRE version: OpenJDK Runtime Environment (11.0.12+7) (build 11.0.12+7-b1504.28-7817840)
# Java VM: OpenJDK 64-Bit Server VM (11.0.12+7-b1504.28-7817840, mixed mode, tiered, compressed oops, g1 gc, windows-amd64)
# No core dump will be written. Minidumps are not enabled by default on client versions of Windows
#

---------------  S U M M A R Y ------------

Command Line: 

Host: Intel(R) Core(TM) i5-5300U CPU @ 2.30GHz, 4 cores, 7G,  Windows 10 , 64 bit Build 19041 (10.0.19041.3155)
Time: Mon Aug 28 12:36:19 2023 SE Asia Standard Time elapsed time: 0.254950 seconds (0d 0h 0m 0s)

---------------  T H R E A D  ---------------

Current thread (0x000001e853fab800):  JavaThread "C2 CompilerThread0" daemon [_thread_in_native, id=16088, stack(0x00000050d0e00000,0x00000050d0f00000)]


Current CompileTask:
C2:    255   21       4       java.lang.StringLatin1::hashCode (42 bytes)

Stack: [0x00000050d0e00000,0x00000050d0f00000]
Native frames: (J=compiled Java code, j=interpreted, Vv=VM code, C=native code)
V  [jvm.dll+0x5fbcea]
V  [jvm.dll+0x731905]
V  [jvm.dll+0x732f1d]
V  [jvm.dll+0x7335d3]
V  [jvm.dll+0x247bf8]
V  [jvm.dll+0xc018c]
V  [jvm.dll+0xc06cc]
V  [jvm.dll+0x2bcc04]
V  [jvm.dll+0x5113a8]
V  [jvm.dll+0x208303]
V  [jvm.dll+0x201fe0]
V  [jvm.dll+0x1ff71f]
V  [jvm.dll+0x18868c]
V  [jvm.dll+0x20e0d7]
V  [jvm.dll+0x20c901]
V  [jvm.dll+0x6f9b7f]
V  [jvm.dll+0x6f26a5]
V  [jvm.dll+0x5fabf6]
C  [ucrtbase.dll+0x21bb2]
C  [KERNEL32.DLL+0x17614]
C  [ntdll.dll+0x526b1]


---------------  P R O C E S S  ---------------

Threads class SMR info:
_java_thread_list=0x000001e853fa3e30, length=9, elements={
0x000001e83a62c800, 0x000001e853f82000, 0x000001e853f83000, 0x000001e853fa5000,
0x000001e853fa7000, 0x000001e853fa8800, 0x000001e853fab800, 0x000001e853fce800,
0x000001e854960000
}

Java Threads: ( => current thread )
  0x000001e83a62c800 JavaThread "main" [_thread_in_Java, id=15056, stack(0x00000050d0200000,0x00000050d0300000)]
  0x000001e853f82000 JavaThread "Reference Handler" daemon [_thread_blocked, id=6660, stack(0x00000050d0900000,0x00000050d0a00000)]
  0x000001e853f83000 JavaThread "Finalizer" daemon [_thread_blocked, id=6448, stack(0x00000050d0a00000,0x00000050d0b00000)]
  0x000001e853fa5000 JavaThread "Signal Dispatcher" daemon [_thread_blocked, id=1536, stack(0x00000050d0b00000,0x00000050d0c00000)]
  0x000001e853fa7000 JavaThread "Attach Listener" daemon [_thread_blocked, id=10484, stack(0x00000050d0c00000,0x00000050d0d00000)]
  0x000001e853fa8800 JavaThread "Service Thread" daemon [_thread_blocked, id=13784, stack(0x00000050d0d00000,0x00000050d0e00000)]
=>0x000001e853fab800 JavaThread "C2 CompilerThread0" daemon [_thread_in_native, id=16088, stack(0x00000050d0e00000,0x00000050d0f00000)]
  0x000001e853fce800 JavaThread "C1 CompilerThread0" daemon [_thread_blocked, id=9168, stack(0x00000050d0f00000,0x00000050d1000000)]
  0x000001e854960000 JavaThread "Sweeper thread" daemon [_thread_blocked, id=14784, stack(0x00000050d1000000,0x00000050d1100000)]

Other Threads:
  0x000001e853f5d000 VMThread "VM Thread" [stack: 0x00000050d0800000,0x00000050d0900000] [id=11400]
  0x000001e83a644800 GCTaskThread "GC Thread#0" [stack: 0x00000050d0300000,0x00000050d0400000] [id=16324]
  0x000001e83a674000 ConcurrentGCThread "G1 Main Marker" [stack: 0x00000050d0400000,0x00000050d0500000] [id=2200]
  0x000001e83a675000 ConcurrentGCThread "G1 Conc#0" [stack: 0x00000050d0500000,0x00000050d0600000] [id=7516]
  0x000001e83a6f4800 ConcurrentGCThread "G1 Refine#0" [stack: 0x00000050d0600000,0x00000050d0700000] [id=7596]
  0x000001e83a6f5800 ConcurrentGCThread "G1 Young RemSet Sampling" [stack: 0x00000050d0700000,0x00000050d0800000] [id=2940]

Threads with active compile tasks:
C2 CompilerThread0    310   21       4       java.lang.StringLatin1::hashCode (42 bytes)

VM state:not at safepoint (normal execution)

VM Mutex/Monitor currently owned by a thread: None

Heap address: 0x0000000084a00000, size: 1974 MB, Compressed Oops mode: 32-bit
Narrow klass base: 0x0000000000000000, Narrow klass shift: 3
Compressed class space size: 1073741824 Address: 0x0000000100000000

Heap:
 garbage-first heap   total 126976K, used 0K [0x0000000084a00000, 0x0000000100000000)
  region size 1024K, 1 young (1024K), 0 survivors (0K)
 Metaspace       used 2718K, capacity 4480K, committed 4480K, reserved 1056768K
  class space    used 227K, capacity 384K, committed 384K, reserved 1048576K
Heap Regions: E=young(eden), S=young(survivor), O=old, HS=humongous(starts), HC=humongous(continues), CS=collection set, F=free, A=archive, TAMS=top-at-mark-start (previous, next)
|   0|0x0000000084a00000, 0x0000000084a00000, 0x0000000084b00000|  0%| F|  |TAMS 0x0000000084a00000, 0x0000000084a00000| Untracked 
|   1|0x0000000084b00000, 0x0000000084b00000, 0x0000000084c00000|  0%| F|  |TAMS 0x0000000084b00000, 0x0000000084b00000| Untracked 
|   2|0x0000000084c00000, 0x0000000084c00000, 0x0000000084d00000|  0%| F|  |TAMS 0x0000000084c00000, 0x0000000084c00000| Untracked 
|   3|0x0000000084d00000, 0x0000000084d00000, 0x0000000084e00000|  0%| F|  |TAMS 0x0000000084d00000, 0x0000000084d00000| Untracked 
|   4|0x0000000084e00000, 0x0000000084e00000, 0x0000000084f00000|  0%| F|  |TAMS 0x0000000084e00000, 0x0000000084e00000| Untracked 
|   5|0x0000000084f00000, 0x0000000084f00000, 0x0000000085000000|  0%| F|  |TAMS 0x0000000084f00000, 0x0000000084f00000| Untracked 
|   6|0x0000000085000000, 0x0000000085000000, 0x0000000085100000|  0%| F|  |TAMS 0x0000000085000000, 0x0000000085000000| Untracked 
|   7|0x0000000085100000, 0x0000000085100000, 0x0000000085200000|  0%| F|  |TAMS 0x0000000085100000, 0x0000000085100000| Untracked 
|   8|0x0000000085200000, 0x0000000085200000, 0x0000000085300000|  0%| F|  |TAMS 0x0000000085200000, 0x0000000085200000| Untracked 
|   9|0x0000000085300000, 0x0000000085300000, 0x0000000085400000|  0%| F|  |TAMS 0x0000000085300000, 0x0000000085300000| Untracked 
|  10|0x0000000085400000, 0x0000000085400000, 0x0000000085500000|  0%| F|  |TAMS 0x0000000085400000, 0x0000000085400000| Untracked 
|  11|0x0000000085500000, 0x0000000085500000, 0x0000000085600000|  0%| F|  |TAMS 0x0000000085500000, 0x0000000085500000| Untracked 
|  12|0x0000000085600000, 0x0000000085600000, 0x0000000085700000|  0%| F|  |TAMS 0x0000000085600000, 0x0000000085600000| Untracked 
|  13|0x0000000085700000, 0x0000000085700000, 0x0000000085800000|  0%| F|  |TAMS 0x0000000085700000, 0x0000000085700000| Untracked 
|  14|0x0000000085800000, 0x0000000085800000, 0x0000000085900000|  0%| F|  |TAMS 0x0000000085800000, 0x0000000085800000| Untracked 
|  15|0x0000000085900000, 0x0000000085900000, 0x0000000085a00000|  0%| F|  |TAMS 0x0000000085900000, 0x0000000085900000| Untracked 
|  16|0x0000000085a00000, 0x0000000085a00000, 0x0000000085b00000|  0%| F|  |TAMS 0x0000000085a00000, 0x0000000085a00000| Untracked 
|  17|0x0000000085b00000, 0x0000000085b00000, 0x0000000085c00000|  0%| F|  |TAMS 0x0000000085b00000, 0x0000000085b00000| Untracked 
|  18|0x0000000085c00000, 0x0000000085c00000, 0x0000000085d00000|  0%| F|  |TAMS 0x0000000085c00000, 0x0000000085c00000| Untracked 
|  19|0x0000000085d00000, 0x0000000085d00000, 0x0000000085e00000|  0%| F|  |TAMS 0x0000000085d00000, 0x0000000085d00000| Untracked 
|  20|0x0000000085e00000, 0x0000000085e00000, 0x0000000085f00000|  0%| F|  |TAMS 0x0000000085e00000, 0x0000000085e00000| Untracked 
|  21|0x0000000085f00000, 0x0000000085f00000, 0x0000000086000000|  0%| F|  |TAMS 0x0000000085f00000, 0x0000000085f00000| Untracked 
|  22|0x0000000086000000, 0x0000000086000000, 0x0000000086100000|  0%| F|  |TAMS 0x0000000086000000, 0x0000000086000000| Untracked 
|  23|0x0000000086100000, 0x0000000086100000, 0x0000000086200000|  0%| F|  |TAMS 0x0000000086100000, 0x0000000086100000| Untracked 
|  24|0x0000000086200000, 0x0000000086200000, 0x0000000086300000|  0%| F|  |TAMS 0x0000000086200000, 0x0000000086200000| Untracked 
|  25|0x0000000086300000, 0x0000000086300000, 0x0000000086400000|  0%| F|  |TAMS 0x0000000086300000, 0x0000000086300000| Untracked 
|  26|0x0000000086400000, 0x0000000086400000, 0x0000000086500000|  0%| F|  |TAMS 0x0000000086400000, 0x0000000086400000| Untracked 
|  27|0x0000000086500000, 0x0000000086500000, 0x0000000086600000|  0%| F|  |TAMS 0x0000000086500000, 0x0000000086500000| Untracked 
|  28|0x0000000086600000, 0x0000000086600000, 0x0000000086700000|  0%| F|  |TAMS 0x0000000086600000, 0x0000000086600000| Untracked 
|  29|0x0000000086700000, 0x0000000086700000, 0x0000000086800000|  0%| F|  |TAMS 0x0000000086700000, 0x0000000086700000| Untracked 
|  30|0x0000000086800000, 0x0000000086800000, 0x0000000086900000|  0%| F|  |TAMS 0x0000000086800000, 0x0000000086800000| Untracked 
|  31|0x0000000086900000, 0x0000000086900000, 0x0000000086a00000|  0%| F|  |TAMS 0x0000000086900000, 0x0000000086900000| Untracked 
|  32|0x0000000086a00000, 0x0000000086a00000, 0x0000000086b00000|  0%| F|  |TAMS 0x0000000086a00000, 0x0000000086a00000| Untracked 
|  33|0x0000000086b00000, 0x0000000086b00000, 0x0000000086c00000|  0%| F|  |TAMS 0x0000000086b00000, 0x0000000086b00000| Untracked 
|  34|0x0000000086c00000, 0x0000000086c00000, 0x0000000086d00000|  0%| F|  |TAMS 0x0000000086c00000, 0x0000000086c00000| Untracked 
|  35|0x0000000086d00000, 0x0000000086d00000, 0x0000000086e00000|  0%| F|  |TAMS 0x0000000086d00000, 0x0000000086d00000| Untracked 
|  36|0x0000000086e00000, 0x0000000086e00000, 0x0000000086f00000|  0%| F|  |TAMS 0x0000000086e00000, 0x0000000086e00000| Untracked 
|  37|0x0000000086f00000, 0x0000000086f00000, 0x0000000087000000|  0%| F|  |TAMS 0x0000000086f00000, 0x0000000086f00000| Untracked 
|  38|0x0000000087000000, 0x0000000087000000, 0x0000000087100000|  0%| F|  |TAMS 0x0000000087000000, 0x0000000087000000| Untracked 
|  39|0x0000000087100000, 0x0000000087100000, 0x0000000087200000|  0%| F|  |TAMS 0x0000000087100000, 0x0000000087100000| Untracked 
|  40|0x0000000087200000, 0x0000000087200000, 0x0000000087300000|  0%| F|  |TAMS 0x0000000087200000, 0x0000000087200000| Untracked 
|  41|0x0000000087300000, 0x0000000087300000, 0x0000000087400000|  0%| F|  |TAMS 0x0000000087300000, 0x0000000087300000| Untracked 
|  42|0x0000000087400000, 0x0000000087400000, 0x0000000087500000|  0%| F|  |TAMS 0x0000000087400000, 0x0000000087400000| Untracked 
|  43|0x0000000087500000, 0x0000000087500000, 0x0000000087600000|  0%| F|  |TAMS 0x0000000087500000, 0x0000000087500000| Untracked 
|  44|0x0000000087600000, 0x0000000087600000, 0x0000000087700000|  0%| F|  |TAMS 0x0000000087600000, 0x0000000087600000| Untracked 
|  45|0x0000000087700000, 0x0000000087700000, 0x0000000087800000|  0%| F|  |TAMS 0x0000000087700000, 0x0000000087700000| Untracked 
|  46|0x0000000087800000, 0x0000000087800000, 0x0000000087900000|  0%| F|  |TAMS 0x0000000087800000, 0x0000000087800000| Untracked 
|  47|0x0000000087900000, 0x0000000087900000, 0x0000000087a00000|  0%| F|  |TAMS 0x0000000087900000, 0x0000000087900000| Untracked 
|  48|0x0000000087a00000, 0x0000000087a00000, 0x0000000087b00000|  0%| F|  |TAMS 0x0000000087a00000, 0x0000000087a00000| Untracked 
|  49|0x0000000087b00000, 0x0000000087b00000, 0x0000000087c00000|  0%| F|  |TAMS 0x0000000087b00000, 0x0000000087b00000| Untracked 
|  50|0x0000000087c00000, 0x0000000087c00000, 0x0000000087d00000|  0%| F|  |TAMS 0x0000000087c00000, 0x0000000087c00000| Untracked 
|  51|0x0000000087d00000, 0x0000000087d00000, 0x0000000087e00000|  0%| F|  |TAMS 0x0000000087d00000, 0x0000000087d00000| Untracked 
|  52|0x0000000087e00000, 0x0000000087e00000, 0x0000000087f00000|  0%| F|  |TAMS 0x0000000087e00000, 0x0000000087e00000| Untracked 
|  53|0x0000000087f00000, 0x0000000087f00000, 0x0000000088000000|  0%| F|  |TAMS 0x0000000087f00000, 0x0000000087f00000| Untracked 
|  54|0x0000000088000000, 0x0000000088000000, 0x0000000088100000|  0%| F|  |TAMS 0x0000000088000000, 0x0000000088000000| Untracked 
|  55|0x0000000088100000, 0x0000000088100000, 0x0000000088200000|  0%| F|  |TAMS 0x0000000088100000, 0x0000000088100000| Untracked 
|  56|0x0000000088200000, 0x0000000088200000, 0x0000000088300000|  0%| F|  |TAMS 0x0000000088200000, 0x0000000088200000| Untracked 
|  57|0x0000000088300000, 0x0000000088300000, 0x0000000088400000|  0%| F|  |TAMS 0x0000000088300000, 0x0000000088300000| Untracked 
|  58|0x0000000088400000, 0x0000000088400000, 0x0000000088500000|  0%| F|  |TAMS 0x0000000088400000, 0x0000000088400000| Untracked 
|  59|0x0000000088500000, 0x0000000088500000, 0x0000000088600000|  0%| F|  |TAMS 0x0000000088500000, 0x0000000088500000| Untracked 
|  60|0x0000000088600000, 0x0000000088600000, 0x0000000088700000|  0%| F|  |TAMS 0x0000000088600000, 0x0000000088600000| Untracked 
|  61|0x0000000088700000, 0x0000000088700000, 0x0000000088800000|  0%| F|  |TAMS 0x0000000088700000, 0x0000000088700000| Untracked 
|  62|0x0000000088800000, 0x0000000088800000, 0x0000000088900000|  0%| F|  |TAMS 0x0000000088800000, 0x0000000088800000| Untracked 
|  63|0x0000000088900000, 0x0000000088900000, 0x0000000088a00000|  0%| F|  |TAMS 0x0000000088900000, 0x0000000088900000| Untracked 
|  64|0x0000000088a00000, 0x0000000088a00000, 0x0000000088b00000|  0%| F|  |TAMS 0x0000000088a00000, 0x0000000088a00000| Untracked 
|  65|0x0000000088b00000, 0x0000000088b00000, 0x0000000088c00000|  0%| F|  |TAMS 0x0000000088b00000, 0x0000000088b00000| Untracked 
|  66|0x0000000088c00000, 0x0000000088c00000, 0x0000000088d00000|  0%| F|  |TAMS 0x0000000088c00000, 0x0000000088c00000| Untracked 
|  67|0x0000000088d00000, 0x0000000088d00000, 0x0000000088e00000|  0%| F|  |TAMS 0x0000000088d00000, 0x0000000088d00000| Untracked 
|  68|0x0000000088e00000, 0x0000000088e00000, 0x0000000088f00000|  0%| F|  |TAMS 0x0000000088e00000, 0x0000000088e00000| Untracked 
|  69|0x0000000088f00000, 0x0000000088f00000, 0x0000000089000000|  0%| F|  |TAMS 0x0000000088f00000, 0x0000000088f00000| Untracked 
|  70|0x0000000089000000, 0x0000000089000000, 0x0000000089100000|  0%| F|  |TAMS 0x0000000089000000, 0x0000000089000000| Untracked 
|  71|0x0000000089100000, 0x0000000089100000, 0x0000000089200000|  0%| F|  |TAMS 0x0000000089100000, 0x0000000089100000| Untracked 
|  72|0x0000000089200000, 0x0000000089200000, 0x0000000089300000|  0%| F|  |TAMS 0x0000000089200000, 0x0000000089200000| Untracked 
|  73|0x0000000089300000, 0x0000000089300000, 0x0000000089400000|  0%| F|  |TAMS 0x0000000089300000, 0x0000000089300000| Untracked 
|  74|0x0000000089400000, 0x0000000089400000, 0x0000000089500000|  0%| F|  |TAMS 0x0000000089400000, 0x0000000089400000| Untracked 
|  75|0x0000000089500000, 0x0000000089500000, 0x0000000089600000|  0%| F|  |TAMS 0x0000000089500000, 0x0000000089500000| Untracked 
|  76|0x0000000089600000, 0x0000000089600000, 0x0000000089700000|  0%| F|  |TAMS 0x0000000089600000, 0x0000000089600000| Untracked 
|  77|0x0000000089700000, 0x0000000089700000, 0x0000000089800000|  0%| F|  |TAMS 0x0000000089700000, 0x0000000089700000| Untracked 
|  78|0x0000000089800000, 0x0000000089800000, 0x0000000089900000|  0%| F|  |TAMS 0x0000000089800000, 0x0000000089800000| Untracked 
|  79|0x0000000089900000, 0x0000000089900000, 0x0000000089a00000|  0%| F|  |TAMS 0x0000000089900000, 0x0000000089900000| Untracked 
|  80|0x0000000089a00000, 0x0000000089a00000, 0x0000000089b00000|  0%| F|  |TAMS 0x0000000089a00000, 0x0000000089a00000| Untracked 
|  81|0x0000000089b00000, 0x0000000089b00000, 0x0000000089c00000|  0%| F|  |TAMS 0x0000000089b00000, 0x0000000089b00000| Untracked 
|  82|0x0000000089c00000, 0x0000000089c00000, 0x0000000089d00000|  0%| F|  |TAMS 0x0000000089c00000, 0x0000000089c00000| Untracked 
|  83|0x0000000089d00000, 0x0000000089d00000, 0x0000000089e00000|  0%| F|  |TAMS 0x0000000089d00000, 0x0000000089d00000| Untracked 
|  84|0x0000000089e00000, 0x0000000089e00000, 0x0000000089f00000|  0%| F|  |TAMS 0x0000000089e00000, 0x0000000089e00000| Untracked 
|  85|0x0000000089f00000, 0x0000000089f00000, 0x000000008a000000|  0%| F|  |TAMS 0x0000000089f00000, 0x0000000089f00000| Untracked 
|  86|0x000000008a000000, 0x000000008a000000, 0x000000008a100000|  0%| F|  |TAMS 0x000000008a000000, 0x000000008a000000| Untracked 
|  87|0x000000008a100000, 0x000000008a100000, 0x000000008a200000|  0%| F|  |TAMS 0x000000008a100000, 0x000000008a100000| Untracked 
|  88|0x000000008a200000, 0x000000008a200000, 0x000000008a300000|  0%| F|  |TAMS 0x000000008a200000, 0x000000008a200000| Untracked 
|  89|0x000000008a300000, 0x000000008a300000, 0x000000008a400000|  0%| F|  |TAMS 0x000000008a300000, 0x000000008a300000| Untracked 
|  90|0x000000008a400000, 0x000000008a400000, 0x000000008a500000|  0%| F|  |TAMS 0x000000008a400000, 0x000000008a400000| Untracked 
|  91|0x000000008a500000, 0x000000008a500000, 0x000000008a600000|  0%| F|  |TAMS 0x000000008a500000, 0x000000008a500000| Untracked 
|  92|0x000000008a600000, 0x000000008a600000, 0x000000008a700000|  0%| F|  |TAMS 0x000000008a600000, 0x000000008a600000| Untracked 
|  93|0x000000008a700000, 0x000000008a700000, 0x000000008a800000|  0%| F|  |TAMS 0x000000008a700000, 0x000000008a700000| Untracked 
|  94|0x000000008a800000, 0x000000008a800000, 0x000000008a900000|  0%| F|  |TAMS 0x000000008a800000, 0x000000008a800000| Untracked 
|  95|0x000000008a900000, 0x000000008a900000, 0x000000008aa00000|  0%| F|  |TAMS 0x000000008a900000, 0x000000008a900000| Untracked 
|  96|0x000000008aa00000, 0x000000008aa00000, 0x000000008ab00000|  0%| F|  |TAMS 0x000000008aa00000, 0x000000008aa00000| Untracked 
|  97|0x000000008ab00000, 0x000000008ab00000, 0x000000008ac00000|  0%| F|  |TAMS 0x000000008ab00000, 0x000000008ab00000| Untracked 
|  98|0x000000008ac00000, 0x000000008ac00000, 0x000000008ad00000|  0%| F|  |TAMS 0x000000008ac00000, 0x000000008ac00000| Untracked 
|  99|0x000000008ad00000, 0x000000008ad00000, 0x000000008ae00000|  0%| F|  |TAMS 0x000000008ad00000, 0x000000008ad00000| Untracked 
| 100|0x000000008ae00000, 0x000000008ae00000, 0x000000008af00000|  0%| F|  |TAMS 0x000000008ae00000, 0x000000008ae00000| Untracked 
| 101|0x000000008af00000, 0x000000008af00000, 0x000000008b000000|  0%| F|  |TAMS 0x000000008af00000, 0x000000008af00000| Untracked 
| 102|0x000000008b000000, 0x000000008b000000, 0x000000008b100000|  0%| F|  |TAMS 0x000000008b000000, 0x000000008b000000| Untracked 
| 103|0x000000008b100000, 0x000000008b100000, 0x000000008b200000|  0%| F|  |TAMS 0x000000008b100000, 0x000000008b100000| Untracked 
| 104|0x000000008b200000, 0x000000008b200000, 0x000000008b300000|  0%| F|  |TAMS 0x000000008b200000, 0x000000008b200000| Untracked 
| 105|0x000000008b300000, 0x000000008b300000, 0x000000008b400000|  0%| F|  |TAMS 0x000000008b300000, 0x000000008b300000| Untracked 
| 106|0x000000008b400000, 0x000000008b400000, 0x000000008b500000|  0%| F|  |TAMS 0x000000008b400000, 0x000000008b400000| Untracked 
| 107|0x000000008b500000, 0x000000008b500000, 0x000000008b600000|  0%| F|  |TAMS 0x000000008b500000, 0x000000008b500000| Untracked 
| 108|0x000000008b600000, 0x000000008b600000, 0x000000008b700000|  0%| F|  |TAMS 0x000000008b600000, 0x000000008b600000| Untracked 
| 109|0x000000008b700000, 0x000000008b700000, 0x000000008b800000|  0%| F|  |TAMS 0x000000008b700000, 0x000000008b700000| Untracked 
| 110|0x000000008b800000, 0x000000008b800000, 0x000000008b900000|  0%| F|  |TAMS 0x000000008b800000, 0x000000008b800000| Untracked 
| 111|0x000000008b900000, 0x000000008b900000, 0x000000008ba00000|  0%| F|  |TAMS 0x000000008b900000, 0x000000008b900000| Untracked 
| 112|0x000000008ba00000, 0x000000008ba00000, 0x000000008bb00000|  0%| F|  |TAMS 0x000000008ba00000, 0x000000008ba00000| Untracked 
| 113|0x000000008bb00000, 0x000000008bb00000, 0x000000008bc00000|  0%| F|  |TAMS 0x000000008bb00000, 0x000000008bb00000| Untracked 
| 114|0x000000008bc00000, 0x000000008bc00000, 0x000000008bd00000|  0%| F|  |TAMS 0x000000008bc00000, 0x000000008bc00000| Untracked 
| 115|0x000000008bd00000, 0x000000008bd00000, 0x000000008be00000|  0%| F|  |TAMS 0x000000008bd00000, 0x000000008bd00000| Untracked 
| 116|0x000000008be00000, 0x000000008be00000, 0x000000008bf00000|  0%| F|  |TAMS 0x000000008be00000, 0x000000008be00000| Untracked 
| 117|0x000000008bf00000, 0x000000008bf00000, 0x000000008c000000|  0%| F|  |TAMS 0x000000008bf00000, 0x000000008bf00000| Untracked 
| 118|0x000000008c000000, 0x000000008c000000, 0x000000008c100000|  0%| F|  |TAMS 0x000000008c000000, 0x000000008c000000| Untracked 
| 119|0x000000008c100000, 0x000000008c100000, 0x000000008c200000|  0%| F|  |TAMS 0x000000008c100000, 0x000000008c100000| Untracked 
| 120|0x000000008c200000, 0x000000008c200000, 0x000000008c300000|  0%| F|  |TAMS 0x000000008c200000, 0x000000008c200000| Untracked 
| 121|0x000000008c300000, 0x000000008c300000, 0x000000008c400000|  0%| F|  |TAMS 0x000000008c300000, 0x000000008c300000| Untracked 
| 122|0x000000008c400000, 0x000000008c400000, 0x000000008c500000|  0%| F|  |TAMS 0x000000008c400000, 0x000000008c400000| Untracked 
| 123|0x000000008c500000, 0x000000008c5d7188, 0x000000008c600000| 84%| E|  |TAMS 0x000000008c500000, 0x000000008c500000| Complete 

Card table byte_map: [0x000001e84d520000,0x000001e84d900000] _byte_map_base: 0x000001e84d0fb000

Marking Bits (Prev, Next): (CMBitMap*) 0x000001e83a66b428, (CMBitMap*) 0x000001e83a66b460
 Prev Bits: [0x000001e84dce0000, 0x000001e84fbb8000)
 Next Bits: [0x000001e84fbc0000, 0x000001e851a98000)

Polling page: 0x000001e8385c0000

Metaspace:

Usage:
  Non-class:      4.00 MB capacity,     2.55 MB ( 64%) used,     1.45 MB ( 36%) free+waste,    64 bytes ( <1%) overhead. 
      Class:    384.00 KB capacity,   244.22 KB ( 64%) used,   139.72 KB ( 36%) free+waste,    64 bytes ( <1%) overhead. 
       Both:      4.38 MB capacity,     2.79 MB ( 64%) used,     1.58 MB ( 36%) free+waste,   128 bytes ( <1%) overhead. 

Virtual space:
  Non-class space:        8.00 MB reserved,       4.00 MB ( 50%) committed 
      Class space:        1.00 GB reserved,     384.00 KB ( <1%) committed 
             Both:        1.01 GB reserved,       4.38 MB ( <1%) committed 

Chunk freelists:
   Non-Class:  0 bytes
       Class:  0 bytes
        Both:  0 bytes

MaxMetaspaceSize: 17179869184.00 GB
CompressedClassSpaceSize: 1.00 GB
Initial GC threshold: 20.80 MB
Current GC threshold: 20.80 MB
CDS: off

CodeHeap 'non-profiled nmethods': size=120064Kb used=1Kb max_used=1Kb free=120062Kb
 bounds [0x000001e845c00000, 0x000001e845e70000, 0x000001e84d140000]
CodeHeap 'profiled nmethods': size=120000Kb used=32Kb max_used=32Kb free=119967Kb
 bounds [0x000001e83e6d0000, 0x000001e83e940000, 0x000001e845c00000]
CodeHeap 'non-nmethods': size=5696Kb used=1016Kb max_used=1016Kb free=4679Kb
 bounds [0x000001e83e140000, 0x000001e83e3b0000, 0x000001e83e6d0000]
 total_blobs=254 nmethods=26 adapters=141
 compilation: enabled
              stopped_count=0, restarted_count=0
 full_count=0

Compilation events (20 events):
Event: 0.219 Thread 0x000001e853fce800 nmethod 11 0x000001e83e6d3310 code [0x000001e83e6d3500, 0x000001e83e6d3a78]
Event: 0.219 Thread 0x000001e853fce800   12       3       java.lang.String::equals (65 bytes)
Event: 0.220 Thread 0x000001e853fce800 nmethod 12 0x000001e83e6d3c90 code [0x000001e83e6d3ea0, 0x000001e83e6d44f8]
Event: 0.228 Thread 0x000001e853fce800   13       3       java.util.ImmutableCollections$SetN::hashCode (46 bytes)
Event: 0.228 Thread 0x000001e853fce800 nmethod 13 0x000001e83e6d4690 code [0x000001e83e6d4860, 0x000001e83e6d4b48]
Event: 0.230 Thread 0x000001e853fce800   14       3       java.lang.StringLatin1::equals (36 bytes)
Event: 0.230 Thread 0x000001e853fce800 nmethod 14 0x000001e83e6d4c90 code [0x000001e83e6d4e60, 0x000001e83e6d50d8]
Event: 0.232 Thread 0x000001e853fce800   15       3       java.util.Objects::equals (23 bytes)
Event: 0.232 Thread 0x000001e853fce800 nmethod 15 0x000001e83e6d5210 code [0x000001e83e6d53e0, 0x000001e83e6d5648]
Event: 0.233 Thread 0x000001e853fce800   16       3       java.util.ImmutableCollections::emptySet (4 bytes)
Event: 0.233 Thread 0x000001e853fce800 nmethod 16 0x000001e83e6d5710 code [0x000001e83e6d58c0, 0x000001e83e6d59b8]
Event: 0.233 Thread 0x000001e853fce800   17       3       java.util.Set::of (4 bytes)
Event: 0.233 Thread 0x000001e853fce800 nmethod 17 0x000001e83e6d5a10 code [0x000001e83e6d5bc0, 0x000001e83e6d5cf8]
Event: 0.235 Thread 0x000001e853fce800   18       3       java.lang.module.ModuleDescriptor$Exports::<init> (20 bytes)
Event: 0.236 Thread 0x000001e853fce800 nmethod 18 0x000001e83e6d5d90 code [0x000001e83e6d5f40, 0x000001e83e6d61b8]
Event: 0.240 Thread 0x000001e853fce800   19       3       java.util.Objects::requireNonNull (14 bytes)
Event: 0.241 Thread 0x000001e853fce800 nmethod 19 0x000001e83e6d6290 code [0x000001e83e6d6460, 0x000001e83e6d6628]
Event: 0.247 Thread 0x000001e853fce800   20       3       java.lang.module.ModuleDescriptor$Exports::hashCode (38 bytes)
Event: 0.248 Thread 0x000001e853fce800 nmethod 20 0x000001e83e6d6710 code [0x000001e83e6d68e0, 0x000001e83e6d6bc8]
Event: 0.249 Thread 0x000001e853fab800   21       4       java.lang.StringLatin1::hashCode (42 bytes)

GC Heap History (0 events):
No events

Deoptimization events (0 events):
No events

Classes redefined (0 events):
No events

Internal exceptions (0 events):
No events

Events (20 events):
Event: 0.216 loading class java/lang/module/ModuleDescriptor$Opens
Event: 0.216 loading class java/lang/module/ModuleDescriptor$Opens done
Event: 0.217 loading class java/lang/module/ModuleDescriptor$Provides
Event: 0.217 loading class java/lang/module/ModuleDescriptor$Provides done
Event: 0.217 loading class java/util/ImmutableCollections$List12
Event: 0.217 loading class java/util/ImmutableCollections$AbstractImmutableList
Event: 0.218 loading class java/util/ImmutableCollections$AbstractImmutableList done
Event: 0.218 loading class java/util/ImmutableCollections$List12 done
Event: 0.219 loading class java/lang/module/ModuleDescriptor$Version
Event: 0.223 loading class java/lang/module/ModuleDescriptor$Version done
Event: 0.223 loading class java/util/ArrayList
Event: 0.224 loading class java/util/ArrayList done
Event: 0.224 loading class java/lang/module/ModuleDescriptor$Modifier
Event: 0.224 loading class java/lang/Enum
Event: 0.225 loading class java/lang/Enum done
Event: 0.225 loading class java/lang/module/ModuleDescriptor$Modifier done
Event: 0.226 loading class java/lang/module/ModuleDescriptor$Requires$Modifier
Event: 0.226 loading class java/lang/module/ModuleDescriptor$Requires$Modifier done
Event: 0.228 loading class java/util/ImmutableCollections$ListN
Event: 0.228 loading class java/util/ImmutableCollections$ListN done


Dynamic libraries:
0x00007ff700170000 - 0x00007ff70017a000 	C:\Program Files\Android\Android Studio\jre\bin\java.EXE
0x00007ffb6ded0000 - 0x00007ffb6e0c8000 	C:\Windows\SYSTEM32\ntdll.dll
0x00007ffb6c4d0000 - 0x00007ffb6c58f000 	C:\Windows\System32\KERNEL32.DLL
0x00007ffb6bb50000 - 0x00007ffb6be46000 	C:\Windows\System32\KERNELBASE.dll
0x00007ffb6b8f0000 - 0x00007ffb6b9f0000 	C:\Windows\System32\ucrtbase.dll
0x00007ffb5cee0000 - 0x00007ffb5cef9000 	C:\Program Files\Android\Android Studio\jre\bin\jli.dll
0x00007ffb6cab0000 - 0x00007ffb6cc4d000 	C:\Windows\System32\USER32.dll
0x00007ffb6b5b0000 - 0x00007ffb6b5d2000 	C:\Windows\System32\win32u.dll
0x00007ffb6c8f0000 - 0x00007ffb6c91c000 	C:\Windows\System32\GDI32.dll
0x00007ffb6b6d0000 - 0x00007ffb6b7e5000 	C:\Windows\System32\gdi32full.dll
0x00007ffb6b5e0000 - 0x00007ffb6b67d000 	C:\Windows\System32\msvcp_win.dll
0x00007ffb5cec0000 - 0x00007ffb5ced7000 	C:\Program Files\Android\Android Studio\jre\bin\VCRUNTIME140.dll
0x00007ffb55600000 - 0x00007ffb5589a000 	C:\Windows\WinSxS\amd64_microsoft.windows.common-controls_6595b64144ccf1df_6.0.19041.1110_none_60b5254171f9507e\COMCTL32.dll
0x00007ffb6c670000 - 0x00007ffb6c70e000 	C:\Windows\System32\msvcrt.dll
0x00007ffb6ca10000 - 0x00007ffb6ca40000 	C:\Windows\System32\IMM32.DLL
0x00007ffb5ce20000 - 0x00007ffb5cebd000 	C:\Program Files\Android\Android Studio\jre\bin\msvcp140.dll
0x00007ffadab80000 - 0x00007ffadb665000 	C:\Program Files\Android\Android Studio\jre\bin\server\jvm.dll
0x00007ffb6d4e0000 - 0x00007ffb6d58f000 	C:\Windows\System32\ADVAPI32.dll
0x00007ffb6c430000 - 0x00007ffb6c4cc000 	C:\Windows\System32\sechost.dll
0x00007ffb6d350000 - 0x00007ffb6d476000 	C:\Windows\System32\RPCRT4.dll
0x00007ffb6c420000 - 0x00007ffb6c428000 	C:\Windows\System32\PSAPI.DLL
0x00007ffb5a570000 - 0x00007ffb5a579000 	C:\Windows\SYSTEM32\WSOCK32.dll
0x00007ffb6ca40000 - 0x00007ffb6caab000 	C:\Windows\System32\WS2_32.dll
0x00007ffb59750000 - 0x00007ffb59777000 	C:\Windows\SYSTEM32\WINMM.dll
0x00007ffb62180000 - 0x00007ffb6218a000 	C:\Windows\SYSTEM32\VERSION.dll
0x00007ffb69450000 - 0x00007ffb69462000 	C:\Windows\SYSTEM32\kernel.appcore.dll
0x00007ffb5ce00000 - 0x00007ffb5ce11000 	C:\Program Files\Android\Android Studio\jre\bin\verify.dll
0x00007ffb5b0d0000 - 0x00007ffb5b2b4000 	C:\Windows\SYSTEM32\DBGHELP.DLL
0x00007ffb5c360000 - 0x00007ffb5c394000 	C:\Windows\SYSTEM32\dbgcore.DLL
0x00007ffb6b860000 - 0x00007ffb6b8e2000 	C:\Windows\System32\bcryptPrimitives.dll
0x00007ffb5cdd0000 - 0x00007ffb5cdf9000 	C:\Program Files\Android\Android Studio\jre\bin\java.dll
0x00007ffb67370000 - 0x00007ffb6737b000 	C:\Program Files\Android\Android Studio\jre\bin\jimage.dll
0x00007ffb5cdb0000 - 0x00007ffb5cdc8000 	C:\Program Files\Android\Android Studio\jre\bin\zip.dll
0x00007ffb6d590000 - 0x00007ffb6dcd4000 	C:\Windows\System32\SHELL32.dll
0x00007ffb69650000 - 0x00007ffb69de3000 	C:\Windows\SYSTEM32\windows.storage.dll
0x00007ffb6c0c0000 - 0x00007ffb6c414000 	C:\Windows\System32\combase.dll
0x00007ffb6aff0000 - 0x00007ffb6b01e000 	C:\Windows\SYSTEM32\Wldp.dll
0x00007ffb6c840000 - 0x00007ffb6c8ed000 	C:\Windows\System32\SHCORE.dll
0x00007ffb6ce00000 - 0x00007ffb6ce55000 	C:\Windows\System32\shlwapi.dll
0x00007ffb6b4e0000 - 0x00007ffb6b505000 	C:\Windows\SYSTEM32\profapi.dll

dbghelp: loaded successfully - version: 4.0.5 - missing functions: none
symbol engine: initialized successfully - sym options: 0x614 - pdb path: .;C:\Program Files\Android\Android Studio\jre\bin;C:\Windows\SYSTEM32;C:\Windows\WinSxS\amd64_microsoft.windows.common-controls_6595b64144ccf1df_6.0.19041.1110_none_60b5254171f9507e;C:\Program Files\Android\Android Studio\jre\bin\server

VM Arguments:
java_command: <unknown>
java_class_path (initial): <not set>
Launcher Type: SUN_STANDARD

[Global flags]
     intx CICompilerCount                          = 3                                         {product} {ergonomic}
     uint ConcGCThreads                            = 1                                         {product} {ergonomic}
     uint G1ConcRefinementThreads                  = 4                                         {product} {ergonomic}
   size_t G1HeapRegionSize                         = 1048576                                   {product} {ergonomic}
    uintx GCDrainStackTargetSize                   = 64                                        {product} {ergonomic}
   size_t InitialHeapSize                          = 130023424                                 {product} {ergonomic}
   size_t MarkStackSize                            = 4194304                                   {product} {ergonomic}
   size_t MaxHeapSize                              = 2069889024                                {product} {ergonomic}
   size_t MaxNewSize                               = 1241513984                                {product} {ergonomic}
   size_t MinHeapDeltaBytes                        = 1048576                                   {product} {ergonomic}
    uintx NonNMethodCodeHeapSize                   = 5830732                                {pd product} {ergonomic}
    uintx NonProfiledCodeHeapSize                  = 122913754                              {pd product} {ergonomic}
    uintx ProfiledCodeHeapSize                     = 122913754                              {pd product} {ergonomic}
    uintx ReservedCodeCacheSize                    = 251658240                              {pd product} {ergonomic}
     bool SegmentedCodeCache                       = true                                      {product} {ergonomic}
     bool UseCompressedClassPointers               = true                                 {lp64_product} {ergonomic}
     bool UseCompressedOops                        = true                                 {lp64_product} {ergonomic}
     bool UseG1GC                                  = true                                      {product} {ergonomic}
     bool UseLargePagesIndividualAllocation        = false                                  {pd product} {ergonomic}

Logging:
Log output configuration:
 #0: stdout all=warning uptime,level,tags
 #1: stderr all=off uptime,level,tags

Environment Variables:
JAVA_HOME=C:\Program Files\Java\jdk-11.0.13
PATH=C:\Program Files\Common Files\Oracle\Java\javapath;C:\flutter\bin;C:\Users\Ghiff\AppData\Local\Android\Sdk\platform-tools;C:\Users\Ghiff\AppData\Local\Microsoft\WindowsApps;C:\Program Files\JetBrains\PyCharm Community Edition 2021.1.3\bin;C:\Users\Ghiff\AppData\Roaming\Composer\vendor\bin;C:\Users\Ghiff\.dotnet\tools;C:\Users\Ghiff\AppData\Local\Programs\Microsoft VS Code\bin;C:\Users\Ghiff\AppData\Roaming\npm;C:\tools\dart-sdk\bin;C:\Users\Ghiff\AppData\Roaming\Pub\Cache\bin;C:\Flutter\flutter\bin;C:\Windows\System32\WindowsPowerShell\v1.0;C:\Program Files\Git;C:\Program Files\Git\git-cmd.exe;C:\Program Files\Git\bin;C:\Windows\System32;C:\src\flutter\bin;C:\Windows\System32\WindowsPowerShell\v1.0;C:\xampp\php;C:\ProgramData\ComposerSetup\bin;C:\Program Files\nodejs\;C:\Program Files\Microsoft VS Code\bin;C:\Windows\system32\config\systemprofile\AppData\Roaming\Composer\vendor\bin;C:\Users\Ghiff\AppData\Local\Microsoft\WindowsApps;C:\Program Files\JetBrains\PyCharm Community Edition 2021.1.3\bin;;C:\Users\Ghiff\AppData\Roaming\Composer\vendor\bin;C:\Users\Ghiff\.dotnet\tools;C:\Users\Ghiff\AppData\Local\Programs\Microsoft VS Code\bin;C:\tools\dart-sdk\bin;C:\Users\Ghiff\AppData\Roaming\Pub\Cache\bin;C:\Flutter\flutter\bin;C:\Windows\System32\WindowsPowerShell\v1.0;C:\Users\Ghiff\AppData\Local\Android\Sdk\platform-tools;C:\Program Files\Git\git-cmd.exe;C:\Program Files\Git\bin;C:\Windows\System32;C:\src\flutter\bin;C:\ProgramData\chocolatey\;C:\Program Files\nodejs;C:\Program Files\Java\jdk-11.0.13\bin;C:\Users\Ghiff\AppData\Roaming\npm;;C:\Flutter\flutter\bin\mingit\cmd
USERNAME=Ghiff
OS=Windows_NT
PROCESSOR_IDENTIFIER=Intel64 Family 6 Model 61 Stepping 4, GenuineIntel



---------------  S Y S T E M  ---------------

OS: Windows 10 , 64 bit Build 19041 (10.0.19041.3155)
OS uptime: 0 days 1:59 hours

CPU:total 4 (initial active 4) (2 cores per cpu, 2 threads per core) family 6 model 61 stepping 4 microcode 0x2d, cmov, cx8, fxsr, mmx, sse, sse2, sse3, ssse3, sse4.1, sse4.2, popcnt, avx, avx2, aes, clmul, erms, rtm, 3dnowpref, lzcnt, ht, tsc, tscinvbit, bmi1, bmi2, adx, fma

Memory: 4k page, system-wide physical 7888M (527M free)
TotalPageFile size 12927M (AvailPageFile size 5M)
current process WorkingSet (physical memory assigned to process): 29M, peak: 29M
current process commit charge ("private bytes"): 189M, peak: 189M

vm_info: OpenJDK 64-Bit Server VM (11.0.12+7-b1504.28-7817840) for windows-amd64 JRE (11.0.12+7-b1504.28-7817840), built on Oct 13 2021 22:12:33 by "builder" with MS VC++ 14.0 (VS2015)

END.
