#
# There is insufficient memory for the Java Runtime Environment to continue.
# Native memory allocation (mmap) failed to map 130023424 bytes for Failed to commit area from 0x0000000084a00000 to 0x000000008c600000 of length 130023424.
# Possible reasons:
#   The system is out of physical RAM or swap space
#   The process is running with CompressedOops enabled, and the Java Heap may be blocking the growth of the native heap
# Possible solutions:
#   Reduce memory load on the system
#   Increase physical memory or swap space
#   Check if swap backing store is full
#   Decrease Java heap size (-Xmx/-Xms)
#   Decrease number of Java threads
#   Decrease Java thread stack sizes (-Xss)
#   Set larger code cache with -XX:ReservedCodeCacheSize=
# This output file may be truncated or incomplete.
#
#  Out of Memory Error (./src/hotspot/os/windows/os_windows.cpp:3521), pid=15984, tid=16000
#
# JRE version:  (11.0.12+7) (build )
# Java VM: OpenJDK 64-Bit Server VM (11.0.12+7-b1504.28-7817840, mixed mode, sharing, tiered, compressed oops, g1 gc, windows-amd64)
# No core dump will be written. Minidumps are not enabled by default on client versions of Windows
#

---------------  S U M M A R Y ------------

Command Line: -Dorg.gradle.appname=gradlew org.gradle.wrapper.GradleWrapperMain -q -Ptarget-platform=android-x86 -Ptarget=D:\3 My Project\FRUITY STOCK\Apps\staging-fruity-stock-apps\lib\main.dart -Pbase-application-name=android.app.Application -Pdart-defines=RkxVVFRFUl9XRUJfQVVUT19ERVRFQ1Q9dHJ1ZQ== -Pdart-obfuscation=false -Pextra-front-end-options=--no-sound-null-safety -Ptrack-widget-creation=true -Ptree-shake-icons=false -Pfilesystem-scheme=org-dartlang-root assembleDebug

Host: Intel(R) Core(TM) i5-5300U CPU @ 2.30GHz, 4 cores, 7G,  Windows 10 , 64 bit Build 19041 (10.0.19041.3155)
Time: Mon Aug 28 14:18:34 2023 SE Asia Standard Time elapsed time: 0.058072 seconds (0d 0h 0m 0s)

---------------  T H R E A D  ---------------

Current thread (0x00000246403bf800):  JavaThread "Unknown thread" [_thread_in_vm, id=16000, stack(0x00000075eac00000,0x00000075ead00000)]

Stack: [0x00000075eac00000,0x00000075ead00000]
Native frames: (J=compiled Java code, j=interpreted, Vv=VM code, C=native code)
V  [jvm.dll+0x5fbcea]
V  [jvm.dll+0x731905]
V  [jvm.dll+0x732f1d]
V  [jvm.dll+0x7335d3]
V  [jvm.dll+0x247bf8]
V  [jvm.dll+0x5f90b4]
V  [jvm.dll+0x5edc85]
V  [jvm.dll+0x305aeb]
V  [jvm.dll+0x305a5a]
V  [jvm.dll+0x305932]
V  [jvm.dll+0x30a896]
V  [jvm.dll+0x353803]
V  [jvm.dll+0x353f06]
V  [jvm.dll+0x353903]
V  [jvm.dll+0x2e0678]
V  [jvm.dll+0x2e1827]
V  [jvm.dll+0x710037]
V  [jvm.dll+0x71182c]
V  [jvm.dll+0x360da9]
V  [jvm.dll+0x6f390e]
V  [jvm.dll+0x3c9723]
V  [jvm.dll+0x3cb9b1]
C  [jli.dll+0x536b]
C  [ucrtbase.dll+0x21bb2]
C  [KERNEL32.DLL+0x17614]
C  [ntdll.dll+0x526b1]


---------------  P R O C E S S  ---------------

Threads class SMR info:
_java_thread_list=0x000002463e324350, length=0, elements={
}

Java Threads: ( => current thread )

Other Threads:
  0x00000246403d7800 GCTaskThread "GC Thread#0" [stack: 0x00000075ead00000,0x00000075eae00000] [id=16004]
  0x0000024640406800 ConcurrentGCThread "G1 Main Marker" [stack: 0x00000075eae00000,0x00000075eaf00000] [id=16008]
  0x0000024640408000 ConcurrentGCThread "G1 Conc#0" [stack: 0x00000075eaf00000,0x00000075eb000000] [id=16012]

[error occurred during error reporting (printing all threads), id 0xc0000005, EXCEPTION_ACCESS_VIOLATION (0xc0000005) at pc=0x00007ff844a00be7]

VM state:not at safepoint (not fully initialized)

VM Mutex/Monitor currently owned by a thread:  ([mutex/lock_event])
[0x00000246403bcff0] Heap_lock - owner thread: 0x00000246403bf800

Heap address: 0x0000000084a00000, size: 1974 MB, Compressed Oops mode: Non-zero based: 0x0000000084a00000
Narrow klass base: 0x0000000000000000, Narrow klass shift: 0

GC Heap History (0 events):
No events

Deoptimization events (0 events):
No events

Classes redefined (0 events):
No events

Internal exceptions (0 events):
No events

Events (1 events):
Event: 0.021 Loaded shared library C:\Program Files\Android\Android Studio\jre\bin\zip.dll


Dynamic libraries:
0x00007ff726b80000 - 0x00007ff726b8a000 	C:\Program Files\Android\Android Studio\jre\bin\java.exe
0x00007ff8c8e30000 - 0x00007ff8c9028000 	C:\Windows\SYSTEM32\ntdll.dll
0x00007ff8c7ed0000 - 0x00007ff8c7f8f000 	C:\Windows\System32\KERNEL32.DLL
0x00007ff8c6610000 - 0x00007ff8c6906000 	C:\Windows\System32\KERNELBASE.dll
0x00007ff8c6d90000 - 0x00007ff8c6e90000 	C:\Windows\System32\ucrtbase.dll
0x00007ff8915a0000 - 0x00007ff8915b9000 	C:\Program Files\Android\Android Studio\jre\bin\jli.dll
0x00007ff8c8ba0000 - 0x00007ff8c8d3d000 	C:\Windows\System32\USER32.dll
0x00007ff8c6a60000 - 0x00007ff8c6a82000 	C:\Windows\System32\win32u.dll
0x00007ff8c7e00000 - 0x00007ff8c7e2c000 	C:\Windows\System32\GDI32.dll
0x00007ff8c6940000 - 0x00007ff8c6a55000 	C:\Windows\System32\gdi32full.dll
0x00007ff8c6a90000 - 0x00007ff8c6b2d000 	C:\Windows\System32\msvcp_win.dll
0x00007ff891200000 - 0x00007ff891217000 	C:\Program Files\Android\Android Studio\jre\bin\VCRUNTIME140.dll
0x00007ff8b3190000 - 0x00007ff8b342a000 	C:\Windows\WinSxS\amd64_microsoft.windows.common-controls_6595b64144ccf1df_6.0.19041.1110_none_60b5254171f9507e\COMCTL32.dll
0x00007ff8c7e30000 - 0x00007ff8c7ece000 	C:\Windows\System32\msvcrt.dll
0x00007ff8c75a0000 - 0x00007ff8c75d0000 	C:\Windows\System32\IMM32.DLL
0x00007ff885420000 - 0x00007ff8854bd000 	C:\Program Files\Android\Android Studio\jre\bin\msvcp140.dll
0x00007ff844710000 - 0x00007ff8451f5000 	C:\Program Files\Android\Android Studio\jre\bin\server\jvm.dll
0x00007ff8c89c0000 - 0x00007ff8c8a6f000 	C:\Windows\System32\ADVAPI32.dll
0x00007ff8c7d60000 - 0x00007ff8c7dfc000 	C:\Windows\System32\sechost.dll
0x00007ff8c8a70000 - 0x00007ff8c8b96000 	C:\Windows\System32\RPCRT4.dll
0x00007ff8c75d0000 - 0x00007ff8c75d8000 	C:\Windows\System32\PSAPI.DLL
0x00007ff8ab160000 - 0x00007ff8ab169000 	C:\Windows\SYSTEM32\WSOCK32.dll
0x00007ff8c7400000 - 0x00007ff8c746b000 	C:\Windows\System32\WS2_32.dll
0x00007ff8b5690000 - 0x00007ff8b56b7000 	C:\Windows\SYSTEM32\WINMM.dll
0x00007ff8bdc40000 - 0x00007ff8bdc4a000 	C:\Windows\SYSTEM32\VERSION.dll
0x00007ff8c43b0000 - 0x00007ff8c43c2000 	C:\Windows\SYSTEM32\kernel.appcore.dll
0x00007ff888290000 - 0x00007ff8882a1000 	C:\Program Files\Android\Android Studio\jre\bin\verify.dll
0x00007ff8b6d20000 - 0x00007ff8b6f04000 	C:\Windows\SYSTEM32\DBGHELP.DLL
0x00007ff8b6be0000 - 0x00007ff8b6c14000 	C:\Windows\SYSTEM32\dbgcore.DLL
0x00007ff8c6b30000 - 0x00007ff8c6bb2000 	C:\Windows\System32\bcryptPrimitives.dll
0x00007ff8856f0000 - 0x00007ff885719000 	C:\Program Files\Android\Android Studio\jre\bin\java.dll
0x00007ff8c1520000 - 0x00007ff8c152b000 	C:\Program Files\Android\Android Studio\jre\bin\jimage.dll
0x00007ff887f90000 - 0x00007ff887fa8000 	C:\Program Files\Android\Android Studio\jre\bin\zip.dll

dbghelp: loaded successfully - version: 4.0.5 - missing functions: none
symbol engine: initialized successfully - sym options: 0x614 - pdb path: .;C:\Program Files\Android\Android Studio\jre\bin;C:\Windows\SYSTEM32;C:\Windows\WinSxS\amd64_microsoft.windows.common-controls_6595b64144ccf1df_6.0.19041.1110_none_60b5254171f9507e;C:\Program Files\Android\Android Studio\jre\bin\server

VM Arguments:
jvm_args: -Dorg.gradle.appname=gradlew 
java_command: org.gradle.wrapper.GradleWrapperMain -q -Ptarget-platform=android-x86 -Ptarget=D:\3 My Project\FRUITY STOCK\Apps\staging-fruity-stock-apps\lib\main.dart -Pbase-application-name=android.app.Application -Pdart-defines=RkxVVFRFUl9XRUJfQVVUT19ERVRFQ1Q9dHJ1ZQ== -Pdart-obfuscation=false -Pextra-front-end-options=--no-sound-null-safety -Ptrack-widget-creation=true -Ptree-shake-icons=false -Pfilesystem-scheme=org-dartlang-root assembleDebug
java_class_path (initial): D:\3 My Project\FRUITY STOCK\Apps\staging-fruity-stock-apps\android\\gradle\wrapper\gradle-wrapper.jar
Launcher Type: SUN_STANDARD

[Global flags]
     intx CICompilerCount                          = 3                                         {product} {ergonomic}
     uint ConcGCThreads                            = 1                                         {product} {ergonomic}
     uint G1ConcRefinementThreads                  = 4                                         {product} {ergonomic}
   size_t G1HeapRegionSize                         = 1048576                                   {product} {ergonomic}
    uintx GCDrainStackTargetSize                   = 64                                        {product} {ergonomic}
   size_t InitialHeapSize                          = 130023424                                 {product} {ergonomic}
   size_t MarkStackSize                            = 4194304                                   {product} {ergonomic}
   size_t MaxHeapSize                              = 2069889024                                {product} {ergonomic}
   size_t MinHeapDeltaBytes                        = 1048576                                   {product} {ergonomic}
    uintx NonNMethodCodeHeapSize                   = 5830732                                {pd product} {ergonomic}
    uintx NonProfiledCodeHeapSize                  = 122913754                              {pd product} {ergonomic}
    uintx ProfiledCodeHeapSize                     = 122913754                              {pd product} {ergonomic}
    uintx ReservedCodeCacheSize                    = 251658240                              {pd product} {ergonomic}
     bool SegmentedCodeCache                       = true                                      {product} {ergonomic}
     bool UseCompressedClassPointers               = true                                 {lp64_product} {ergonomic}
     bool UseCompressedOops                        = true                                 {lp64_product} {ergonomic}
     bool UseG1GC                                  = true                                      {product} {ergonomic}
     bool UseLargePagesIndividualAllocation        = false                                  {pd product} {ergonomic}

Logging:
Log output configuration:
 #0: stdout all=warning uptime,level,tags
 #1: stderr all=off uptime,level,tags

Environment Variables:
JAVA_HOME=C:\Program Files\Android\Android Studio\jre
CLASSPATH=D:\3 My Project\FRUITY STOCK\Apps\staging-fruity-stock-apps\android\\gradle\wrapper\gradle-wrapper.jar
PATH=C:\Program Files\Common Files\Oracle\Java\javapath;C:\flutter\bin;C:\Users\Ghiff\AppData\Local\Android\Sdk\platform-tools;C:\Users\Ghiff\AppData\Local\Microsoft\WindowsApps;C:\Program Files\JetBrains\PyCharm Community Edition 2021.1.3\bin;C:\Users\Ghiff\AppData\Roaming\Composer\vendor\bin;C:\Users\Ghiff\.dotnet\tools;C:\Users\Ghiff\AppData\Local\Programs\Microsoft VS Code\bin;C:\Users\Ghiff\AppData\Roaming\npm;C:\tools\dart-sdk\bin;C:\Users\Ghiff\AppData\Roaming\Pub\Cache\bin;C:\Flutter\flutter\bin;C:\Windows\System32\WindowsPowerShell\v1.0;C:\Program Files\Git;C:\Program Files\Git\git-cmd.exe;C:\Program Files\Git\bin;C:\Windows\System32;C:\src\flutter\bin;C:\Windows\System32\WindowsPowerShell\v1.0;C:\xampp\php;C:\ProgramData\ComposerSetup\bin;C:\Program Files\nodejs\;C:\Program Files\Microsoft VS Code\bin;C:\Windows\system32\config\systemprofile\AppData\Roaming\Composer\vendor\bin;C:\Users\Ghiff\AppData\Local\Microsoft\WindowsApps;C:\Program Files\JetBrains\PyCharm Community Edition 2021.1.3\bin;;C:\Users\Ghiff\AppData\Roaming\Composer\vendor\bin;C:\Users\Ghiff\.dotnet\tools;C:\Users\Ghiff\AppData\Local\Programs\Microsoft VS Code\bin;C:\tools\dart-sdk\bin;C:\Users\Ghiff\AppData\Roaming\Pub\Cache\bin;C:\Flutter\flutter\bin;C:\Windows\System32\WindowsPowerShell\v1.0;C:\Users\Ghiff\AppData\Local\Android\Sdk\platform-tools;C:\Program Files\Git\git-cmd.exe;C:\Program Files\Git\bin;C:\Windows\System32;C:\src\flutter\bin;C:\ProgramData\chocolatey\;C:\Program Files\nodejs;C:\Program Files\Java\jdk-11.0.13\bin;C:\Users\Ghiff\AppData\Roaming\npm;;C:\Flutter\flutter\bin\mingit\cmd
USERNAME=Ghiff
OS=Windows_NT
PROCESSOR_IDENTIFIER=Intel64 Family 6 Model 61 Stepping 4, GenuineIntel



---------------  S Y S T E M  ---------------

OS: Windows 10 , 64 bit Build 19041 (10.0.19041.3155)
OS uptime: 0 days 0:54 hours

CPU:total 4 (initial active 4) (2 cores per cpu, 2 threads per core) family 6 model 61 stepping 4 microcode 0x2d, cmov, cx8, fxsr, mmx, sse, sse2, sse3, ssse3, sse4.1, sse4.2, popcnt, avx, avx2, aes, clmul, erms, rtm, 3dnowpref, lzcnt, ht, tsc, tscinvbit, bmi1, bmi2, adx, fma

Memory: 4k page, system-wide physical 7888M (256M free)
TotalPageFile size 12915M (AvailPageFile size 96M)
current process WorkingSet (physical memory assigned to process): 10M, peak: 10M
current process commit charge ("private bytes"): 51M, peak: 175M

vm_info: OpenJDK 64-Bit Server VM (11.0.12+7-b1504.28-7817840) for windows-amd64 JRE (11.0.12+7-b1504.28-7817840), built on Oct 13 2021 22:12:33 by "builder" with MS VC++ 14.0 (VS2015)

END.
