#
# There is insufficient memory for the Java Runtime Environment to continue.
# Native memory allocation (mmap) failed to map 130023424 bytes for Failed to commit area from 0x0000000084a00000 to 0x000000008c600000 of length 130023424.
# Possible reasons:
#   The system is out of physical RAM or swap space
#   The process is running with CompressedOops enabled, and the Java Heap may be blocking the growth of the native heap
# Possible solutions:
#   Reduce memory load on the system
#   Increase physical memory or swap space
#   Check if swap backing store is full
#   Decrease Java heap size (-Xmx/-Xms)
#   Decrease number of Java threads
#   Decrease Java thread stack sizes (-Xss)
#   Set larger code cache with -XX:ReservedCodeCacheSize=
# This output file may be truncated or incomplete.
#
#  Out of Memory Error (./open/src/hotspot/os/windows/os_windows.cpp:3276), pid=12660, tid=3808
#
# JRE version:  (11.0.13+10) (build )
# Java VM: Java HotSpot(TM) 64-Bit Server VM (11.0.13+10-LTS-370, mixed mode, sharing, tiered, compressed oops, g1 gc, windows-amd64)
# No core dump will be written. Minidumps are not enabled by default on client versions of Windows
#

---------------  S U M M A R Y ------------

Command Line: -Dorg.gradle.appname=gradlew org.gradle.wrapper.GradleWrapperMain -q -Ptarget-platform=android-x86 -Ptarget=D:\3 My Project\FRUITY STOCK\Apps\staging-fruity-stock-apps\lib\main.dart -Pbase-application-name=android.app.Application -Pdart-defines=RkxVVFRFUl9XRUJfQVVUT19ERVRFQ1Q9dHJ1ZQ== -Pdart-obfuscation=false -Pextra-front-end-options=--no-sound-null-safety -Ptrack-widget-creation=true -Ptree-shake-icons=false -Pfilesystem-scheme=org-dartlang-root assembleDebug

Host: Intel(R) Core(TM) i5-5300U CPU @ 2.30GHz, 4 cores, 7G,  Windows 10 , 64 bit Build 19041 (10.0.19041.3155)
Time: Mon Aug 28 12:36:22 2023 SE Asia Standard Time elapsed time: 0.032437 seconds (0d 0h 0m 0s)

---------------  T H R E A D  ---------------

Current thread (0x000001873cb2d000):  JavaThread "Unknown thread" [_thread_in_vm, id=3808, stack(0x0000000167e00000,0x0000000167f00000)]

Stack: [0x0000000167e00000,0x0000000167f00000]
Native frames: (J=compiled Java code, j=interpreted, Vv=VM code, C=native code)
V  [jvm.dll+0x62870a]
V  [jvm.dll+0x761f2f]
V  [jvm.dll+0x7635d9]
V  [jvm.dll+0x763c63]
V  [jvm.dll+0x23d728]
V  [jvm.dll+0x625aba]
V  [jvm.dll+0x61a855]
V  [jvm.dll+0x2f242c]
V  [jvm.dll+0x2f22b2]
V  [jvm.dll+0x2f6fd6]
V  [jvm.dll+0x3395ff]
V  [jvm.dll+0x339030]
V  [jvm.dll+0x2cfa38]
V  [jvm.dll+0x2d0ba6]
V  [jvm.dll+0x73c547]
V  [jvm.dll+0x73dddf]
V  [jvm.dll+0x346369]
V  [jvm.dll+0x721e60]
V  [jvm.dll+0x3b500f]
V  [jvm.dll+0x3b7121]
C  [jli.dll+0x5207]
C  [ucrtbase.dll+0x21bb2]
C  [KERNEL32.DLL+0x17614]
C  [ntdll.dll+0x526b1]


---------------  P R O C E S S  ---------------

Threads class SMR info:
_java_thread_list=0x000001873a9a51d0, length=0, elements={
}

Java Threads: ( => current thread )

Other Threads:
  0x000001873cb42000 GCTaskThread "GC Thread#0" [stack: 0x0000000167f00000,0x0000000168000000] [id=4388]
  0x000001873cb71800 ConcurrentGCThread "G1 Main Marker" [stack: 0x0000000168000000,0x0000000168100000] [id=12920]
  0x000001873cb73800 ConcurrentGCThread "G1 Conc#0" [stack: 0x0000000168100000,0x0000000168200000] [id=824]

[error occurred during error reporting (printing all threads), id 0xc0000005, EXCEPTION_ACCESS_VIOLATION (0xc0000005) at pc=0x00007ffadee8ecc7]

VM state:not at safepoint (not fully initialized)

VM Mutex/Monitor currently owned by a thread:  ([mutex/lock_event])
[0x000001873cb288c0] Heap_lock - owner thread: 0x000001873cb2d000

Heap address: 0x0000000084a00000, size: 1974 MB, Compressed Oops mode: Non-zero based: 0x0000000084a00000
Narrow klass base: 0x0000000000000000, Narrow klass shift: 0

GC Heap History (0 events):
No events

Deoptimization events (0 events):
No events

Classes redefined (0 events):
No events

Internal exceptions (0 events):
No events

Events (0 events):
No events


Dynamic libraries:
0x00007ff7582d0000 - 0x00007ff7582df000 	C:\Program Files\Java\jdk-11.0.13\bin\java.exe
0x00007ffb6ded0000 - 0x00007ffb6e0c8000 	C:\Windows\SYSTEM32\ntdll.dll
0x00007ffb6c4d0000 - 0x00007ffb6c58f000 	C:\Windows\System32\KERNEL32.DLL
0x00007ffb6bb50000 - 0x00007ffb6be46000 	C:\Windows\System32\KERNELBASE.dll
0x00007ffb6b8f0000 - 0x00007ffb6b9f0000 	C:\Windows\System32\ucrtbase.dll
0x00007ffb28a80000 - 0x00007ffb28a98000 	C:\Program Files\Java\jdk-11.0.13\bin\jli.dll
0x00007ffb28a60000 - 0x00007ffb28a75000 	C:\Program Files\Java\jdk-11.0.13\bin\VCRUNTIME140.dll
0x00007ffb6d4e0000 - 0x00007ffb6d58f000 	C:\Windows\System32\ADVAPI32.dll
0x00007ffb6c670000 - 0x00007ffb6c70e000 	C:\Windows\System32\msvcrt.dll
0x00007ffb6c430000 - 0x00007ffb6c4cc000 	C:\Windows\System32\sechost.dll
0x00007ffb6d350000 - 0x00007ffb6d476000 	C:\Windows\System32\RPCRT4.dll
0x00007ffb6cab0000 - 0x00007ffb6cc4d000 	C:\Windows\System32\USER32.dll
0x00007ffb6b5b0000 - 0x00007ffb6b5d2000 	C:\Windows\System32\win32u.dll
0x00007ffb55600000 - 0x00007ffb5589a000 	C:\Windows\WinSxS\amd64_microsoft.windows.common-controls_6595b64144ccf1df_6.0.19041.1110_none_60b5254171f9507e\COMCTL32.dll
0x00007ffb6c8f0000 - 0x00007ffb6c91c000 	C:\Windows\System32\GDI32.dll
0x00007ffb6b6d0000 - 0x00007ffb6b7e5000 	C:\Windows\System32\gdi32full.dll
0x00007ffb6b5e0000 - 0x00007ffb6b67d000 	C:\Windows\System32\msvcp_win.dll
0x00007ffb62180000 - 0x00007ffb6218a000 	C:\Windows\SYSTEM32\VERSION.dll
0x00007ffb6ca10000 - 0x00007ffb6ca40000 	C:\Windows\System32\IMM32.DLL
0x00007ffb259f0000 - 0x00007ffb25a8b000 	C:\Program Files\Java\jdk-11.0.13\bin\msvcp140.dll
0x00007ffadebb0000 - 0x00007ffadf6c3000 	C:\Program Files\Java\jdk-11.0.13\bin\server\jvm.dll
0x00007ffb6c420000 - 0x00007ffb6c428000 	C:\Windows\System32\PSAPI.DLL
0x00007ffb5a570000 - 0x00007ffb5a579000 	C:\Windows\SYSTEM32\WSOCK32.dll
0x00007ffb6ca40000 - 0x00007ffb6caab000 	C:\Windows\System32\WS2_32.dll
0x00007ffb59750000 - 0x00007ffb59777000 	C:\Windows\SYSTEM32\WINMM.dll
0x00007ffb69450000 - 0x00007ffb69462000 	C:\Windows\SYSTEM32\kernel.appcore.dll
0x00007ffb33f80000 - 0x00007ffb33f90000 	C:\Program Files\Java\jdk-11.0.13\bin\verify.dll
0x00007ffb5b0d0000 - 0x00007ffb5b2b4000 	C:\Windows\SYSTEM32\DBGHELP.DLL
0x00007ffb5c360000 - 0x00007ffb5c394000 	C:\Windows\SYSTEM32\dbgcore.DLL
0x00007ffb6b860000 - 0x00007ffb6b8e2000 	C:\Windows\System32\bcryptPrimitives.dll
0x00007ffb28a30000 - 0x00007ffb28a58000 	C:\Program Files\Java\jdk-11.0.13\bin\java.dll
0x00007ffb33c80000 - 0x00007ffb33c8a000 	C:\Program Files\Java\jdk-11.0.13\bin\jimage.dll
0x00007ffb28a10000 - 0x00007ffb28a26000 	C:\Program Files\Java\jdk-11.0.13\bin\zip.dll

dbghelp: loaded successfully - version: 4.0.5 - missing functions: none
symbol engine: initialized successfully - sym options: 0x614 - pdb path: .;C:\Program Files\Java\jdk-11.0.13\bin;C:\Windows\SYSTEM32;C:\Windows\WinSxS\amd64_microsoft.windows.common-controls_6595b64144ccf1df_6.0.19041.1110_none_60b5254171f9507e;C:\Program Files\Java\jdk-11.0.13\bin\server

VM Arguments:
jvm_args: -Dorg.gradle.appname=gradlew 
java_command: org.gradle.wrapper.GradleWrapperMain -q -Ptarget-platform=android-x86 -Ptarget=D:\3 My Project\FRUITY STOCK\Apps\staging-fruity-stock-apps\lib\main.dart -Pbase-application-name=android.app.Application -Pdart-defines=RkxVVFRFUl9XRUJfQVVUT19ERVRFQ1Q9dHJ1ZQ== -Pdart-obfuscation=false -Pextra-front-end-options=--no-sound-null-safety -Ptrack-widget-creation=true -Ptree-shake-icons=false -Pfilesystem-scheme=org-dartlang-root assembleDebug
java_class_path (initial): D:\3 My Project\FRUITY STOCK\Apps\staging-fruity-stock-apps\android\\gradle\wrapper\gradle-wrapper.jar
Launcher Type: SUN_STANDARD

[Global flags]
     intx CICompilerCount                          = 3                                         {product} {ergonomic}
     uint ConcGCThreads                            = 1                                         {product} {ergonomic}
     uint G1ConcRefinementThreads                  = 4                                         {product} {ergonomic}
   size_t G1HeapRegionSize                         = 1048576                                   {product} {ergonomic}
    uintx GCDrainStackTargetSize                   = 64                                        {product} {ergonomic}
   size_t InitialHeapSize                          = 130023424                                 {product} {ergonomic}
   size_t MarkStackSize                            = 4194304                                   {product} {ergonomic}
   size_t MaxHeapSize                              = 2069889024                                {product} {ergonomic}
   size_t MinHeapDeltaBytes                        = 1048576                                   {product} {ergonomic}
    uintx NonNMethodCodeHeapSize                   = 5830732                                {pd product} {ergonomic}
    uintx NonProfiledCodeHeapSize                  = 122913754                              {pd product} {ergonomic}
    uintx ProfiledCodeHeapSize                     = 122913754                              {pd product} {ergonomic}
    uintx ReservedCodeCacheSize                    = 251658240                              {pd product} {ergonomic}
     bool SegmentedCodeCache                       = true                                      {product} {ergonomic}
     bool UseCompressedClassPointers               = true                                 {lp64_product} {ergonomic}
     bool UseCompressedOops                        = true                                 {lp64_product} {ergonomic}
     bool UseG1GC                                  = true                                      {product} {ergonomic}
     bool UseLargePagesIndividualAllocation        = false                                  {pd product} {ergonomic}

Logging:
Log output configuration:
 #0: stdout all=warning uptime,level,tags
 #1: stderr all=off uptime,level,tags

Environment Variables:
JAVA_HOME=C:\Program Files\Java\jdk-11.0.13
CLASSPATH=D:\3 My Project\FRUITY STOCK\Apps\staging-fruity-stock-apps\android\\gradle\wrapper\gradle-wrapper.jar
PATH=C:\Program Files\Common Files\Oracle\Java\javapath;C:\flutter\bin;C:\Users\Ghiff\AppData\Local\Android\Sdk\platform-tools;C:\Users\Ghiff\AppData\Local\Microsoft\WindowsApps;C:\Program Files\JetBrains\PyCharm Community Edition 2021.1.3\bin;C:\Users\Ghiff\AppData\Roaming\Composer\vendor\bin;C:\Users\Ghiff\.dotnet\tools;C:\Users\Ghiff\AppData\Local\Programs\Microsoft VS Code\bin;C:\Users\Ghiff\AppData\Roaming\npm;C:\tools\dart-sdk\bin;C:\Users\Ghiff\AppData\Roaming\Pub\Cache\bin;C:\Flutter\flutter\bin;C:\Windows\System32\WindowsPowerShell\v1.0;C:\Program Files\Git;C:\Program Files\Git\git-cmd.exe;C:\Program Files\Git\bin;C:\Windows\System32;C:\src\flutter\bin;C:\Windows\System32\WindowsPowerShell\v1.0;C:\xampp\php;C:\ProgramData\ComposerSetup\bin;C:\Program Files\nodejs\;C:\Program Files\Microsoft VS Code\bin;C:\Windows\system32\config\systemprofile\AppData\Roaming\Composer\vendor\bin;C:\Users\Ghiff\AppData\Local\Microsoft\WindowsApps;C:\Program Files\JetBrains\PyCharm Community Edition 2021.1.3\bin;;C:\Users\Ghiff\AppData\Roaming\Composer\vendor\bin;C:\Users\Ghiff\.dotnet\tools;C:\Users\Ghiff\AppData\Local\Programs\Microsoft VS Code\bin;C:\tools\dart-sdk\bin;C:\Users\Ghiff\AppData\Roaming\Pub\Cache\bin;C:\Flutter\flutter\bin;C:\Windows\System32\WindowsPowerShell\v1.0;C:\Users\Ghiff\AppData\Local\Android\Sdk\platform-tools;C:\Program Files\Git\git-cmd.exe;C:\Program Files\Git\bin;C:\Windows\System32;C:\src\flutter\bin;C:\ProgramData\chocolatey\;C:\Program Files\nodejs;C:\Program Files\Java\jdk-11.0.13\bin;C:\Users\Ghiff\AppData\Roaming\npm;;C:\Flutter\flutter\bin\mingit\cmd
USERNAME=Ghiff
OS=Windows_NT
PROCESSOR_IDENTIFIER=Intel64 Family 6 Model 61 Stepping 4, GenuineIntel



---------------  S Y S T E M  ---------------

OS: Windows 10 , 64 bit Build 19041 (10.0.19041.3155)

CPU:total 4 (initial active 4) (2 cores per cpu, 2 threads per core) family 6 model 61 stepping 4 microcode 0x2d, cmov, cx8, fxsr, mmx, sse, sse2, sse3, ssse3, sse4.1, sse4.2, popcnt, avx, avx2, aes, clmul, erms, rtm, 3dnowpref, lzcnt, ht, tsc, tscinvbit, bmi1, bmi2, adx, fma

Memory: 4k page, system-wide physical 7888M (480M free)
TotalPageFile size 12927M (AvailPageFile size 94M)
current process WorkingSet (physical memory assigned to process): 9M, peak: 9M
current process commit charge ("private bytes"): 51M, peak: 175M

vm_info: Java HotSpot(TM) 64-Bit Server VM (11.0.13+10-LTS-370) for windows-amd64 JRE (11.0.13+10-LTS-370), built on Sep 15 2021 22:10:36 by "mach5one" with MS VC++ 15.9 (VS2017)

END.
